** Message: Investigating webapp: unity-webapps-common 


** (process:3821): WARNING **: Found newline before all of metadata, skipping app
** Message: Investigating webapp: unity-webapps-qml 


** (process:3821): WARNING **: Found newline before all of metadata, skipping app
** Message: Investigating webapp: unity-webapps-qml-doc 


** (process:3821): WARNING **: Found newline before all of metadata, skipping app
** Message: Investigating webapp: unity-webapps-qml-examples 


** (process:3821): WARNING **: Found newline before all of metadata, skipping app
** Message: Investigating webapp: unity-webapps-service 


** (process:3821): WARNING **: Found newline before all of metadata, skipping app
** Message: Investigating webapp: unity-webapps-amazoncloudreader 

** Message: Investigating webapp: unity-webapps-bbcnews 

** Message: Investigating webapp: unity-webapps-cnn-news 

** Message: Investigating webapp: unity-webapps-deezer 

** Message: Investigating webapp: unity-webapps-dev 


** (process:3821): WARNING **: Found newline before all of metadata, skipping app
** Message: Investigating webapp: unity-webapps-deviantart 

** Message: Investigating webapp: unity-webapps-facebookmessenger 

** Message: Investigating webapp: unity-webapps-googlenews 

** Message: Investigating webapp: unity-webapps-googleplusgames 


** (process:3821): WARNING **: Found newline before all of metadata, skipping app
** Message: Investigating webapp: unity-webapps-grooveshark 

** Message: Investigating webapp: unity-webapps-hulu-player 

** Message: Investigating webapp: unity-webapps-lastfm-radio 

** Message: Investigating webapp: unity-webapps-launchpad 

** Message: Investigating webapp: unity-webapps-librefm 

** Message: Investigating webapp: unity-webapps-linkedin 

** Message: Investigating webapp: unity-webapps-mail-ru 

** Message: Investigating webapp: unity-webapps-newsblur 

** Message: Investigating webapp: unity-webapps-pandora 

** Message: Investigating webapp: unity-webapps-pandora-com 

** Message: Investigating webapp: unity-webapps-qml-autopilot 


** (process:3821): WARNING **: Found newline before all of metadata, skipping app
** Message: Investigating webapp: unity-webapps-qq-mail 

** Message: Investigating webapp: unity-webapps-reddit 

** Message: Investigating webapp: unity-webapps-tumblr 

** Message: Investigating webapp: unity-webapps-twitter 

** Message: Investigating webapp: unity-webapps-vkcom 

** Message: Investigating webapp: unity-webapps-wordpress 

** Message: Investigating webapp: unity-webapps-wordpress-com 

** Message: Investigating webapp: unity-webapps-yahoonews 

** Message: Investigating webapp: unity-webapps-yandex-music 

** Message: Investigating webapp: unity-webapps-yandexmail 

** Message: Investigating webapp: unity-webapps-yandexmusic 

** Message: Investigating webapp: unity-webapps-yandexnews 

** Message: Investigating webapp: unity-webapps-gmail 

** Message: Investigating webapp: unity-webapps-googlecalendar 

** Message: Investigating webapp: unity-webapps-googledocs 

** Message: Investigating webapp: unity-webapps-googleplus 

** Message: Investigating webapp: unity-webapps-livemail 

** Message: Investigating webapp: unity-webapps-yahoomail 

** Message: Investigating webapp: unity-webapps-youtube 

module-cache-reaper-Message: Reaping abandoned data directories
module-cache-reaper-Message: Reaping abandoned cache directories
Activating service name='com.canonical.Unity.Scope.Home'
Successfully activated service 'com.canonical.Unity.Scope.Home'

(unity-scope-home:4854): unity-scope-home-WARNING **: platform-info.vala:112: Unable to read SIM properties: GDBus.Error:org.freedesktop.DBus.Error.ServiceUnknown: The name org.ofono was not provided by any .service files
Activating service name='com.canonical.Unity.Scope.Applications'
Activating service name='com.canonical.Unity.Scope.File.Gdrive'
Activating service name='com.canonical.Unity.Scope.LocalFiles'

(process:4872): unity-files-daemon-WARNING **: folder.vala:65: Failed to read favorites: 打开文件“/home/snhm/.gtk-bookmarks”失败：没有那个文件或目录
Successfully activated service 'com.canonical.Unity.Scope.LocalFiles'
Successfully activated service 'com.canonical.Unity.Scope.File.Gdrive'
Successfully activated service 'com.canonical.Unity.Scope.Applications'
Activating service name='com.canonical.Unity.Scope.Music'
Successfully activated service 'com.canonical.Unity.Scope.Music'

(unity-music-daemon:4896): unity-music-daemon-WARNING **: rhythmbox-collection.vala:510: Unable to open album-art DB!

(unity-music-daemon:4896): unity-music-daemon-WARNING **: rhythmbox-collection.vala:574: Error while parsing rhythmbox DB: 打开文件时出错：没有那个文件或目录

(unity-scope-home:4854): Json-CRITICAL **: json_object_get_object_member: assertion 'node != NULL' failed

(unity-scope-home:4854): Json-CRITICAL **: json_object_get_object_member: assertion 'node != NULL' failed

(unity-scope-home:4854): Json-CRITICAL **: json_object_get_object_member: assertion 'node != NULL' failed

(unity-scope-home:4854): Json-CRITICAL **: json_object_get_object_member: assertion 'node != NULL' failed

(unity-scope-home:4854): Json-CRITICAL **: json_object_get_object_member: assertion 'node != NULL' failed

(unity-scope-home:4854): Json-CRITICAL **: json_object_get_object_member: assertion 'node != NULL' failed

(unity-scope-home:4854): Json-CRITICAL **: json_object_get_object_member: assertion 'node != NULL' failed

(unity-scope-home:4854): Json-CRITICAL **: json_object_get_object_member: assertion 'node != NULL' failed

(unity-scope-home:4854): Json-CRITICAL **: json_object_get_object_member: assertion 'node != NULL' failed

(unity-scope-home:4854): Json-CRITICAL **: json_object_get_object_member: assertion 'node != NULL' failed

(unity-scope-home:4854): libunity-WARNING **: unity-aggregator-scope.vala:145: 在以 D-Bus 线格式用类型字符串“mv”序列化 GVariant 时发生错误

(unity-scope-home:4854): Json-CRITICAL **: json_object_get_object_member: assertion 'node != NULL' failed

(unity-scope-home:4854): Json-CRITICAL **: json_object_get_object_member: assertion 'node != NULL' failed

(unity-scope-home:4854): Json-CRITICAL **: json_object_get_object_member: assertion 'node != NULL' failed

(unity-scope-home:4854): Json-CRITICAL **: json_object_get_object_member: assertion 'node != NULL' failed

(unity-scope-home:4854): Json-CRITICAL **: json_object_get_object_member: assertion 'node != NULL' failed

(unity-scope-home:4854): Json-CRITICAL **: json_object_get_object_member: assertion 'node != NULL' failed

(unity-scope-home:4854): Json-CRITICAL **: json_object_get_object_member: assertion 'node != NULL' failed

(unity-scope-home:4854): Json-CRITICAL **: json_object_get_object_member: assertion 'node != NULL' failed

(unity-scope-home:4854): Json-CRITICAL **: json_object_get_object_member: assertion 'node != NULL' failed

(unity-scope-home:4854): Json-CRITICAL **: json_object_get_object_member: assertion 'node != NULL' failed

(unity-scope-home:4854): Json-CRITICAL **: json_object_get_object_member: assertion 'node != NULL' failed

(unity-scope-home:4854): Json-CRITICAL **: json_object_get_object_member: assertion 'node != NULL' failed

(unity-scope-home:4854): Json-CRITICAL **: json_object_get_object_member: assertion 'node != NULL' failed

(unity-scope-home:4854): Json-CRITICAL **: json_object_get_object_member: assertion 'node != NULL' failed

(unity-scope-home:4854): Json-CRITICAL **: json_object_get_object_member: assertion 'node != NULL' failed

(unity-scope-home:4854): Json-CRITICAL **: json_object_get_object_member: assertion 'node != NULL' failed

(unity-scope-home:4854): Json-CRITICAL **: json_object_get_object_member: assertion 'node != NULL' failed

(unity-scope-home:4854): Json-CRITICAL **: json_object_get_object_member: assertion 'node != NULL' failed

(unity-scope-home:4854): Json-CRITICAL **: json_object_get_object_member: assertion 'node != NULL' failed

(unity-scope-home:4854): Json-CRITICAL **: json_object_get_object_member: assertion 'node != NULL' failed
Activating service name='com.canonical.Unity.Scope.Academic.Zotero'

(unity-scope-home:4854): Json-CRITICAL **: json_object_get_object_member: assertion 'node != NULL' failed

(unity-scope-home:4854): Json-CRITICAL **: json_object_get_object_member: assertion 'node != NULL' failed

(unity-scope-home:4854): Json-CRITICAL **: json_object_get_object_member: assertion 'node != NULL' failed

(unity-scope-home:4854): Json-CRITICAL **: json_object_get_object_member: assertion 'node != NULL' failed

(unity-scope-home:4854): Json-CRITICAL **: json_object_get_object_member: assertion 'node != NULL' failed

(unity-scope-home:4854): Json-CRITICAL **: json_object_get_object_member: assertion 'node != NULL' failed

(unity-scope-home:4854): Json-CRITICAL **: json_object_get_object_member: assertion 'node != NULL' failed

(unity-scope-home:4854): Json-CRITICAL **: json_object_get_object_member: assertion 'node != NULL' failed

(unity-scope-home:4854): Json-CRITICAL **: json_object_get_object_member: assertion 'node != NULL' failed

(unity-scope-home:4854): Json-CRITICAL **: json_object_get_object_member: assertion 'node != NULL' failed

(unity-scope-home:4854): Json-CRITICAL **: json_object_get_object_member: assertion 'node != NULL' failed

(unity-scope-home:4854): Json-CRITICAL **: json_object_get_object_member: assertion 'node != NULL' failed

(unity-scope-home:4854): Json-CRITICAL **: json_object_get_object_member: assertion 'node != NULL' failed

(unity-scope-home:4854): Json-CRITICAL **: json_object_get_object_member: assertion 'node != NULL' failed

(unity-scope-home:4854): Json-CRITICAL **: json_object_get_object_member: assertion 'node != NULL' failed

(unity-scope-home:4854): Json-CRITICAL **: json_object_get_object_member: assertion 'node != NULL' failed

(unity-scope-home:4854): Json-CRITICAL **: json_object_get_object_member: assertion 'node != NULL' failed

(unity-scope-home:4854): Json-CRITICAL **: json_object_get_object_member: assertion 'node != NULL' failed

(unity-scope-home:4854): Json-CRITICAL **: json_object_get_object_member: assertion 'node != NULL' failed

(unity-scope-home:4854): Json-CRITICAL **: json_object_get_object_member: assertion 'node != NULL' failed
Successfully activated service 'com.canonical.Unity.Scope.Academic.Zotero'
Activating service name='org.gtk.vfs.Metadata'
Successfully activated service 'org.gtk.vfs.Metadata'

** (zeitgeist-fts:2351): WARNING **: Unable to get info on application://nautilus-autostart.desktop

** (zeitgeist-fts:2351): WARNING **: Unable to get info on application://nautilus-autostart.desktop

** (zeitgeist-fts:2351): WARNING **: Unable to get info on application://nautilus-autostart.desktop

** (bamfdaemon:1607): WARNING **: Got an X error: BadWindow (invalid Window parameter)


** (bamfdaemon:1607): WARNING **: Got an X error: BadWindow (invalid Window parameter)


** (bamfdaemon:1607): WARNING **: Got an X error: BadWindow (invalid Window parameter)


** (bamfdaemon:1607): WARNING **: Got an X error: BadWindow (invalid Window parameter)


** (bamfdaemon:1607): WARNING **: Got an X error: BadWindow (invalid Window parameter)

